  gui.cpp
C:\Users\Enenon\Documents\GitHub\Galaxy-Simulation\gui\headers\cores.h(6,16): warning C4305: 'inicializando': truncamento de 'double' para 'float'
  (compilando o arquivo fonte 'gui.cpp')
  
C:\Users\Enenon\Documents\GitHub\Galaxy-Simulation\gui\headers\cores.h(6,28): warning C4305: 'inicializando': truncamento de 'double' para 'float'
  (compilando o arquivo fonte 'gui.cpp')
  
C:\Users\Enenon\Documents\GitHub\Galaxy-Simulation\gui\headers\cores.h(7,20): warning C4305: 'inicializando': truncamento de 'double' para 'float'
  (compilando o arquivo fonte 'gui.cpp')
  
C:\Users\Enenon\Documents\GitHub\Galaxy-Simulation\gui\headers\cores.h(7,27): warning C4305: 'inicializando': truncamento de 'double' para 'float'
  (compilando o arquivo fonte 'gui.cpp')
  
C:\Users\Enenon\Documents\GitHub\Galaxy-Simulation\gui\headers\cores.h(7,33): warning C4305: 'inicializando': truncamento de 'double' para 'float'
  (compilando o arquivo fonte 'gui.cpp')
  
C:\Users\Enenon\Documents\GitHub\Galaxy-Simulation\gui\headers\cores.h(8,19): warning C4305: 'inicializando': truncamento de 'double' para 'float'
  (compilando o arquivo fonte 'gui.cpp')
  
C:\Users\Enenon\Documents\GitHub\Galaxy-Simulation\gui\headers\cores.h(8,26): warning C4305: 'inicializando': truncamento de 'double' para 'float'
  (compilando o arquivo fonte 'gui.cpp')
  
C:\Users\Enenon\Documents\GitHub\Galaxy-Simulation\gui\headers\cores.h(8,33): warning C4305: 'inicializando': truncamento de 'double' para 'float'
  (compilando o arquivo fonte 'gui.cpp')
  
C:\Users\Enenon\Documents\GitHub\Galaxy-Simulation\gui\headers\cores.h(9,19): warning C4305: 'inicializando': truncamento de 'double' para 'float'
  (compilando o arquivo fonte 'gui.cpp')
  
C:\Users\Enenon\Documents\GitHub\Galaxy-Simulation\gui\headers\cores.h(9,25): warning C4305: 'inicializando': truncamento de 'double' para 'float'
  (compilando o arquivo fonte 'gui.cpp')
  
C:\Users\Enenon\Documents\GitHub\Galaxy-Simulation\gui\headers\cores.h(9,31): warning C4305: 'inicializando': truncamento de 'double' para 'float'
  (compilando o arquivo fonte 'gui.cpp')
  
C:\Users\Enenon\Documents\GitHub\Galaxy-Simulation\gui\headers\cores.h(10,17): warning C4305: 'inicializando': truncamento de 'double' para 'float'
  (compilando o arquivo fonte 'gui.cpp')
  
C:\Users\Enenon\Documents\GitHub\Galaxy-Simulation\gui\headers\cores.h(10,24): warning C4305: 'inicializando': truncamento de 'double' para 'float'
  (compilando o arquivo fonte 'gui.cpp')
  
C:\Users\Enenon\Documents\GitHub\Galaxy-Simulation\gui\headers\cores.h(10,31): warning C4305: 'inicializando': truncamento de 'double' para 'float'
  (compilando o arquivo fonte 'gui.cpp')
  
C:\Users\Enenon\Documents\GitHub\Galaxy-Simulation\gui\headers\cores.h(11,17): warning C4305: 'inicializando': truncamento de 'double' para 'float'
  (compilando o arquivo fonte 'gui.cpp')
  
C:\Users\Enenon\Documents\GitHub\Galaxy-Simulation\gui\headers\cores.h(11,23): warning C4305: 'inicializando': truncamento de 'double' para 'float'
  (compilando o arquivo fonte 'gui.cpp')
  
C:\Users\Enenon\Documents\GitHub\Galaxy-Simulation\gui\headers\cores.h(11,30): warning C4305: 'inicializando': truncamento de 'double' para 'float'
  (compilando o arquivo fonte 'gui.cpp')
  
C:\Users\Enenon\Documents\GitHub\Galaxy-Simulation\gui\headers\cores.h(12,18): warning C4305: 'inicializando': truncamento de 'double' para 'float'
  (compilando o arquivo fonte 'gui.cpp')
  
C:\Users\Enenon\Documents\GitHub\Galaxy-Simulation\gui\headers\cores.h(12,25): warning C4305: 'inicializando': truncamento de 'double' para 'float'
  (compilando o arquivo fonte 'gui.cpp')
  
C:\Users\Enenon\Documents\GitHub\Galaxy-Simulation\gui\headers\cores.h(12,32): warning C4305: 'inicializando': truncamento de 'double' para 'float'
  (compilando o arquivo fonte 'gui.cpp')
  
C:\Users\Enenon\Documents\GitHub\Galaxy-Simulation\gui\headers\cores.h(13,22): warning C4305: 'inicializando': truncamento de 'double' para 'float'
  (compilando o arquivo fonte 'gui.cpp')
  
C:\Users\Enenon\Documents\GitHub\Galaxy-Simulation\gui\headers\cores.h(13,29): warning C4305: 'inicializando': truncamento de 'double' para 'float'
  (compilando o arquivo fonte 'gui.cpp')
  
C:\Users\Enenon\Documents\GitHub\Galaxy-Simulation\gui\headers\cores.h(13,36): warning C4305: 'inicializando': truncamento de 'double' para 'float'
  (compilando o arquivo fonte 'gui.cpp')
  
C:\Users\Enenon\Documents\GitHub\Galaxy-Simulation\gui\headers\cores.h(14,22): warning C4305: 'inicializando': truncamento de 'double' para 'float'
  (compilando o arquivo fonte 'gui.cpp')
  
C:\Users\Enenon\Documents\GitHub\Galaxy-Simulation\gui\headers\cores.h(14,27): warning C4305: 'inicializando': truncamento de 'double' para 'float'
  (compilando o arquivo fonte 'gui.cpp')
  
C:\Users\Enenon\Documents\GitHub\Galaxy-Simulation\gui\headers\cores.h(14,34): warning C4305: 'inicializando': truncamento de 'double' para 'float'
  (compilando o arquivo fonte 'gui.cpp')
  
C:\Users\Enenon\Documents\GitHub\Galaxy-Simulation\gui\headers\cores.h(15,21): warning C4305: 'inicializando': truncamento de 'double' para 'float'
  (compilando o arquivo fonte 'gui.cpp')
  
C:\Users\Enenon\Documents\GitHub\Galaxy-Simulation\gui\headers\cores.h(15,28): warning C4305: 'inicializando': truncamento de 'double' para 'float'
  (compilando o arquivo fonte 'gui.cpp')
  
C:\Users\Enenon\Documents\GitHub\Galaxy-Simulation\gui\headers\cores.h(15,35): warning C4305: 'inicializando': truncamento de 'double' para 'float'
  (compilando o arquivo fonte 'gui.cpp')
  
C:\Users\Enenon\Documents\GitHub\Galaxy-Simulation\gui\headers\cores.h(17,29): warning C4305: 'inicializando': truncamento de 'double' para 'float'
  (compilando o arquivo fonte 'gui.cpp')
  
C:\Users\Enenon\Documents\GitHub\Galaxy-Simulation\gui\primitivas.h(2,27): warning C4083: esperado ')'; encontrado identificador 'n'
  (compilando o arquivo fonte 'gui.cpp')
  
C:\Users\Enenon\Documents\GitHub\Galaxy-Simulation\gui\primitivas.h(7,54): warning C4305: 'inicializando': truncamento de 'double' para 'float'
  (compilando o arquivo fonte 'gui.cpp')
  
C:\Users\Enenon\Documents\GitHub\Galaxy-Simulation\gui\primitivas.h(7,84): warning C4305: 'inicializando': truncamento de 'double' para 'float'
  (compilando o arquivo fonte 'gui.cpp')
  
C:\Users\Enenon\Documents\GitHub\Galaxy-Simulation\gui\primitivas.h(8,23): warning C4305: 'inicializando': truncamento de 'double' para 'float'
  (compilando o arquivo fonte 'gui.cpp')
  
C:\Users\Enenon\Documents\GitHub\Galaxy-Simulation\gui\primitivas.h(11,48): warning C4305: 'inicializando': truncamento de 'double' para 'float'
  (compilando o arquivo fonte 'gui.cpp')
  
C:\Users\Enenon\Documents\GitHub\Galaxy-Simulation\gui\primitivas.h(30,19): warning C4244: 'return': conversão de 'double' para 'float', possível perda de dados
  (compilando o arquivo fonte 'gui.cpp')
  
C:\Users\Enenon\Documents\GitHub\Galaxy-Simulation\gui\primitivas.h(47,19): warning C4244: 'inicializando': conversão de 'float' para 'int', possível perda de dados
  (compilando o arquivo fonte 'gui.cpp')
  
C:\Users\Enenon\Documents\GitHub\Galaxy-Simulation\gui\primitivas.h(92,13): warning C4244: 'inicializando': conversão de 'double' para 'float', possível perda de dados
  (compilando o arquivo fonte 'gui.cpp')
  
C:\Users\Enenon\Documents\GitHub\Galaxy-Simulation\gui\primitivas.h(127,68): warning C4244: 'argumento': conversão de 'double' para 'float', possível perda de dados
  (compilando o arquivo fonte 'gui.cpp')
  
C:\Users\Enenon\Documents\GitHub\Galaxy-Simulation\gui\primitivas.h(127,50): warning C4244: 'argumento': conversão de 'double' para 'float', possível perda de dados
  (compilando o arquivo fonte 'gui.cpp')
  
C:\Users\Enenon\Documents\GitHub\Galaxy-Simulation\gui\primitivas.h(127,32): warning C4244: 'argumento': conversão de 'double' para 'float', possível perda de dados
  (compilando o arquivo fonte 'gui.cpp')
  
C:\Users\Enenon\Documents\GitHub\Galaxy-Simulation\gui\primitivas.h(127,131): warning C4244: 'argumento': conversão de 'double' para 'float', possível perda de dados
  (compilando o arquivo fonte 'gui.cpp')
  
C:\Users\Enenon\Documents\GitHub\Galaxy-Simulation\gui\primitivas.h(127,113): warning C4244: 'argumento': conversão de 'double' para 'float', possível perda de dados
  (compilando o arquivo fonte 'gui.cpp')
  
C:\Users\Enenon\Documents\GitHub\Galaxy-Simulation\gui\primitivas.h(127,95): warning C4244: 'argumento': conversão de 'double' para 'float', possível perda de dados
  (compilando o arquivo fonte 'gui.cpp')
  
C:\Users\Enenon\Documents\GitHub\Galaxy-Simulation\gui\primitivas.h(139,76): warning C4244: 'argumento': conversão de 'double' para 'float', possível perda de dados
  (compilando o arquivo fonte 'gui.cpp')
  
C:\Users\Enenon\Documents\GitHub\Galaxy-Simulation\gui\primitivas.h(139,58): warning C4244: 'argumento': conversão de 'double' para 'float', possível perda de dados
  (compilando o arquivo fonte 'gui.cpp')
  
C:\Users\Enenon\Documents\GitHub\Galaxy-Simulation\gui\primitivas.h(139,40): warning C4244: 'argumento': conversão de 'double' para 'float', possível perda de dados
  (compilando o arquivo fonte 'gui.cpp')
  
C:\Users\Enenon\Documents\GitHub\Galaxy-Simulation\gui\primitivas.h(140,76): warning C4244: 'argumento': conversão de 'double' para 'float', possível perda de dados
  (compilando o arquivo fonte 'gui.cpp')
  
C:\Users\Enenon\Documents\GitHub\Galaxy-Simulation\gui\primitivas.h(140,58): warning C4244: 'argumento': conversão de 'double' para 'float', possível perda de dados
  (compilando o arquivo fonte 'gui.cpp')
  
C:\Users\Enenon\Documents\GitHub\Galaxy-Simulation\gui\primitivas.h(140,40): warning C4244: 'argumento': conversão de 'double' para 'float', possível perda de dados
  (compilando o arquivo fonte 'gui.cpp')
  
C:\Users\Enenon\Documents\GitHub\Galaxy-Simulation\gui\primitivas.h(142,60): warning C4244: 'argumento': conversão de 'double' para 'float', possível perda de dados
  (compilando o arquivo fonte 'gui.cpp')
  
C:\Users\Enenon\Documents\GitHub\Galaxy-Simulation\gui\primitivas.h(142,52): warning C4244: 'argumento': conversão de 'double' para 'float', possível perda de dados
  (compilando o arquivo fonte 'gui.cpp')
  
C:\Users\Enenon\Documents\GitHub\Galaxy-Simulation\gui\primitivas.h(143,36): warning C4244: 'argumento': conversão de 'double' para 'float', possível perda de dados
  (compilando o arquivo fonte 'gui.cpp')
  
C:\Users\Enenon\Documents\GitHub\Galaxy-Simulation\gui\primitivas.h(143,33): warning C4244: 'argumento': conversão de 'double' para 'float', possível perda de dados
  (compilando o arquivo fonte 'gui.cpp')
  
C:\Users\Enenon\Documents\GitHub\Galaxy-Simulation\gui\primitivas.h(152,20): warning C4244: 'inicializando': conversão de 'double' para 'float', possível perda de dados
  (compilando o arquivo fonte 'gui.cpp')
  
C:\Users\Enenon\Documents\GitHub\Galaxy-Simulation\gui\primitivas.h(153,27): warning C4244: 'inicializando': conversão de 'double' para 'float', possível perda de dados
  (compilando o arquivo fonte 'gui.cpp')
  
C:\Users\Enenon\Documents\GitHub\Galaxy-Simulation\gui\primitivas.h(174,19): warning C4244: 'inicializando': conversão de 'double' para 'float', possível perda de dados
  (compilando o arquivo fonte 'gui.cpp')
  
C:\Users\Enenon\Documents\GitHub\Galaxy-Simulation\gui\primitivas.h(177,27): warning C4244: 'inicializando': conversão de 'double' para 'float', possível perda de dados
  (compilando o arquivo fonte 'gui.cpp')
  
C:\Users\Enenon\Documents\GitHub\Galaxy-Simulation\gui\primitivas.h(195,35): warning C4244: '=': conversão de 'double' para 'float', possível perda de dados
  (compilando o arquivo fonte 'gui.cpp')
  
C:\Users\Enenon\Documents\GitHub\Galaxy-Simulation\gui\primitivas.h(195,84): warning C4305: '=': truncamento de 'double' para 'float'
  (compilando o arquivo fonte 'gui.cpp')
  
C:\Users\Enenon\Documents\GitHub\Galaxy-Simulation\gui\primitivas.h(195,117): warning C4244: '=': conversão de 'double' para 'float', possível perda de dados
  (compilando o arquivo fonte 'gui.cpp')
  
C:\Users\Enenon\Documents\GitHub\Galaxy-Simulation\gui\primitivas.h(217,18): warning C4305: '=': truncamento de 'double' para 'float'
  (compilando o arquivo fonte 'gui.cpp')
  
C:\Users\Enenon\Documents\GitHub\Galaxy-Simulation\gui\primitivas.h(221,68): warning C4244: 'argumento': conversão de 'double' para 'float', possível perda de dados
  (compilando o arquivo fonte 'gui.cpp')
  
C:\Users\Enenon\Documents\GitHub\Galaxy-Simulation\gui\primitivas.h(221,50): warning C4244: 'argumento': conversão de 'double' para 'float', possível perda de dados
  (compilando o arquivo fonte 'gui.cpp')
  
C:\Users\Enenon\Documents\GitHub\Galaxy-Simulation\gui\primitivas.h(221,32): warning C4244: 'argumento': conversão de 'double' para 'float', possível perda de dados
  (compilando o arquivo fonte 'gui.cpp')
  
C:\Users\Enenon\Documents\GitHub\Galaxy-Simulation\gui\primitivas.h(221,131): warning C4244: 'argumento': conversão de 'double' para 'float', possível perda de dados
  (compilando o arquivo fonte 'gui.cpp')
  
C:\Users\Enenon\Documents\GitHub\Galaxy-Simulation\gui\primitivas.h(221,113): warning C4244: 'argumento': conversão de 'double' para 'float', possível perda de dados
  (compilando o arquivo fonte 'gui.cpp')
  
C:\Users\Enenon\Documents\GitHub\Galaxy-Simulation\gui\primitivas.h(221,95): warning C4244: 'argumento': conversão de 'double' para 'float', possível perda de dados
  (compilando o arquivo fonte 'gui.cpp')
  
C:\Users\Enenon\Documents\GitHub\Galaxy-Simulation\gui\primitivas.h(227,64): warning C4244: 'argumento': conversão de 'double' para 'float', possível perda de dados
  (compilando o arquivo fonte 'gui.cpp')
  
C:\Users\Enenon\Documents\GitHub\Galaxy-Simulation\gui\primitivas.h(227,46): warning C4244: 'argumento': conversão de 'double' para 'float', possível perda de dados
  (compilando o arquivo fonte 'gui.cpp')
  
C:\Users\Enenon\Documents\GitHub\Galaxy-Simulation\gui\primitivas.h(227,28): warning C4244: 'argumento': conversão de 'double' para 'float', possível perda de dados
  (compilando o arquivo fonte 'gui.cpp')
  
C:\Users\Enenon\Documents\GitHub\Galaxy-Simulation\gui\primitivas.h(228,64): warning C4244: 'argumento': conversão de 'double' para 'float', possível perda de dados
  (compilando o arquivo fonte 'gui.cpp')
  
C:\Users\Enenon\Documents\GitHub\Galaxy-Simulation\gui\primitivas.h(228,46): warning C4244: 'argumento': conversão de 'double' para 'float', possível perda de dados
  (compilando o arquivo fonte 'gui.cpp')
  
C:\Users\Enenon\Documents\GitHub\Galaxy-Simulation\gui\primitivas.h(228,28): warning C4244: 'argumento': conversão de 'double' para 'float', possível perda de dados
  (compilando o arquivo fonte 'gui.cpp')
  
C:\Users\Enenon\Documents\GitHub\Galaxy-Simulation\gui\primitivas.h(230,60): warning C4244: 'argumento': conversão de 'double' para 'float', possível perda de dados
  (compilando o arquivo fonte 'gui.cpp')
  
C:\Users\Enenon\Documents\GitHub\Galaxy-Simulation\gui\primitivas.h(230,52): warning C4244: 'argumento': conversão de 'double' para 'float', possível perda de dados
  (compilando o arquivo fonte 'gui.cpp')
  
C:\Users\Enenon\Documents\GitHub\Galaxy-Simulation\gui\primitivas.h(231,36): warning C4244: 'argumento': conversão de 'double' para 'float', possível perda de dados
  (compilando o arquivo fonte 'gui.cpp')
  
C:\Users\Enenon\Documents\GitHub\Galaxy-Simulation\gui\primitivas.h(231,33): warning C4244: 'argumento': conversão de 'double' para 'float', possível perda de dados
  (compilando o arquivo fonte 'gui.cpp')
  
C:\Users\Enenon\Documents\GitHub\Galaxy-Simulation\gui\primitivas.h(255,125): warning C4244: 'argumento': conversão de 'double' para 'float', possível perda de dados
  (compilando o arquivo fonte 'gui.cpp')
  
C:\Users\Enenon\Documents\GitHub\Galaxy-Simulation\gui\primitivas.h(255,95): warning C4244: 'argumento': conversão de 'double' para 'float', possível perda de dados
  (compilando o arquivo fonte 'gui.cpp')
  
C:\Users\Enenon\Documents\GitHub\Galaxy-Simulation\gui\primitivas.h(255,58): warning C4244: 'argumento': conversão de 'double' para 'float', possível perda de dados
  (compilando o arquivo fonte 'gui.cpp')
  
C:\Users\Enenon\Documents\GitHub\Galaxy-Simulation\gui\primitivas.h(259,68): warning C4244: 'argumento': conversão de 'double' para 'float', possível perda de dados
  (compilando o arquivo fonte 'gui.cpp')
  
C:\Users\Enenon\Documents\GitHub\Galaxy-Simulation\gui\primitivas.h(259,50): warning C4244: 'argumento': conversão de 'double' para 'float', possível perda de dados
  (compilando o arquivo fonte 'gui.cpp')
  
C:\Users\Enenon\Documents\GitHub\Galaxy-Simulation\gui\primitivas.h(259,32): warning C4244: 'argumento': conversão de 'double' para 'float', possível perda de dados
  (compilando o arquivo fonte 'gui.cpp')
  
C:\Users\Enenon\Documents\GitHub\Galaxy-Simulation\gui\primitivas.h(259,131): warning C4244: 'argumento': conversão de 'double' para 'float', possível perda de dados
  (compilando o arquivo fonte 'gui.cpp')
  
C:\Users\Enenon\Documents\GitHub\Galaxy-Simulation\gui\primitivas.h(259,113): warning C4244: 'argumento': conversão de 'double' para 'float', possível perda de dados
  (compilando o arquivo fonte 'gui.cpp')
  
C:\Users\Enenon\Documents\GitHub\Galaxy-Simulation\gui\primitivas.h(259,95): warning C4244: 'argumento': conversão de 'double' para 'float', possível perda de dados
  (compilando o arquivo fonte 'gui.cpp')
  
C:\Users\Enenon\Documents\GitHub\Galaxy-Simulation\gui\primitivas.h(260,14): warning C4244: '=': conversão de 'double' para 'float', possível perda de dados
  (compilando o arquivo fonte 'gui.cpp')
  
C:\Users\Enenon\Documents\GitHub\Galaxy-Simulation\gui\primitivas.h(260,51): warning C4244: '=': conversão de 'double' para 'float', possível perda de dados
  (compilando o arquivo fonte 'gui.cpp')
  
C:\Users\Enenon\Documents\GitHub\Galaxy-Simulation\gui\primitivas.h(260,88): warning C4244: '=': conversão de 'double' para 'float', possível perda de dados
  (compilando o arquivo fonte 'gui.cpp')
  
C:\Users\Enenon\Documents\GitHub\Galaxy-Simulation\gui\primitivas.h(280,31): warning C4244: 'argumento': conversão de 'double' para 'float', possível perda de dados
  (compilando o arquivo fonte 'gui.cpp')
  
C:\Users\Enenon\Documents\GitHub\Galaxy-Simulation\gui\primitivas.h(297,78): warning C4244: 'argumento': conversão de 'double' para 'GLfloat', possível perda de dados
  (compilando o arquivo fonte 'gui.cpp')
  
C:\Users\Enenon\Documents\GitHub\Galaxy-Simulation\gui\primitivas.h(297,49): warning C4244: 'argumento': conversão de 'double' para 'GLfloat', possível perda de dados
  (compilando o arquivo fonte 'gui.cpp')
  
C:\Users\Enenon\Documents\GitHub\Galaxy-Simulation\gui\primitivas.h(297,20): warning C4244: 'argumento': conversão de 'double' para 'GLfloat', possível perda de dados
  (compilando o arquivo fonte 'gui.cpp')
  
C:\Users\Enenon\Documents\GitHub\Galaxy-Simulation\gui\primitivas.h(301,38): warning C4244: 'argumento': conversão de 'double' para 'float', possível perda de dados
  (compilando o arquivo fonte 'gui.cpp')
  
C:\Users\Enenon\Documents\GitHub\Galaxy-Simulation\gui\headers\old.cpp(20,23): warning C4244: 'inicializando': conversão de 'double' para 'float', possível perda de dados
  (compilando o arquivo fonte 'gui.cpp')
  
C:\Users\Enenon\Documents\GitHub\Galaxy-Simulation\gui\headers\old.cpp(27,33): warning C4838: a conversão de 'double' em 'float' requer uma conversão de restrição
  (compilando o arquivo fonte 'gui.cpp')
  
C:\Users\Enenon\Documents\GitHub\Galaxy-Simulation\gui\headers\old.cpp(27,33): warning C4244: 'inicializando': conversão de 'double' para 'float', possível perda de dados
  (compilando o arquivo fonte 'gui.cpp')
  
C:\Users\Enenon\Documents\GitHub\Galaxy-Simulation\gui\headers\old.cpp(27,44): warning C4838: a conversão de 'double' em 'float' requer uma conversão de restrição
  (compilando o arquivo fonte 'gui.cpp')
  
C:\Users\Enenon\Documents\GitHub\Galaxy-Simulation\gui\headers\old.cpp(27,44): warning C4244: 'inicializando': conversão de 'double' para 'float', possível perda de dados
  (compilando o arquivo fonte 'gui.cpp')
  
C:\Users\Enenon\Documents\GitHub\Galaxy-Simulation\gui\headers\old.cpp(27,53): warning C4838: a conversão de 'double' em 'float' requer uma conversão de restrição
  (compilando o arquivo fonte 'gui.cpp')
  
C:\Users\Enenon\Documents\GitHub\Galaxy-Simulation\gui\headers\old.cpp(27,53): warning C4244: 'inicializando': conversão de 'double' para 'float', possível perda de dados
  (compilando o arquivo fonte 'gui.cpp')
  
C:\Users\Enenon\Documents\GitHub\Galaxy-Simulation\gui\headers\old.cpp(38,13): warning C4244: 'inicializando': conversão de 'double' para 'float', possível perda de dados
  (compilando o arquivo fonte 'gui.cpp')
  
C:\Users\Enenon\Documents\GitHub\Galaxy-Simulation\gui\gui.cpp(39,20): warning C4244: 'inicializando': conversão de 'double' para 'float', possível perda de dados
C:\Users\Enenon\Documents\GitHub\Galaxy-Simulation\gui\gui.cpp(40,19): warning C4244: 'inicializando': conversão de 'double' para 'float', possível perda de dados
C:\Users\Enenon\Documents\GitHub\Galaxy-Simulation\gui\gui.cpp(89,30): warning C4305: 'argumento': truncamento de 'double' para 'GLclampf'
C:\Users\Enenon\Documents\GitHub\Galaxy-Simulation\gui\gui.cpp(89,24): warning C4305: 'argumento': truncamento de 'double' para 'GLclampf'
C:\Users\Enenon\Documents\GitHub\Galaxy-Simulation\gui\gui.cpp(89,18): warning C4305: 'argumento': truncamento de 'double' para 'GLclampf'
C:\Users\Enenon\Documents\GitHub\Galaxy-Simulation\gui\headers\matplotlibcpp.h(1832,48): warning C4244: '=': conversão de 'size_t' para '_Ty', possível perda de dados
C:\Users\Enenon\Documents\GitHub\Galaxy-Simulation\gui\headers\matplotlibcpp.h(1832,48): warning C4244:         with
C:\Users\Enenon\Documents\GitHub\Galaxy-Simulation\gui\headers\matplotlibcpp.h(1832,48): warning C4244:         [
C:\Users\Enenon\Documents\GitHub\Galaxy-Simulation\gui\headers\matplotlibcpp.h(1832,48): warning C4244:             _Ty=double
C:\Users\Enenon\Documents\GitHub\Galaxy-Simulation\gui\headers\matplotlibcpp.h(1832,48): warning C4244:         ]
  (compilando o arquivo fonte 'gui.cpp')
      C:\Users\Enenon\Documents\GitHub\Galaxy-Simulation\gui\headers\matplotlibcpp.h(1832,48):
      o contexto de instanciação do modelo (o mais antigo primeiro) é
          C:\Users\Enenon\Documents\GitHub\Galaxy-Simulation\gui\headers\matplotlibcpp.h(2897,12):
          consulte a referência à instanciação 'bool matplotlibcpp::plot<double>(const std::vector<double,std::allocator<double>> &,const std::string &)' do modelo que está sendo compilada
  
  Gerando código
  2 of 290 functions ( 0.7%) were compiled, the rest were copied from previous compilation.
    0 functions were new in current compilation
    2 functions had inline decision re-evaluated but remain unchanged
  Finalizada a geração de código
  gui.vcxproj -> C:\Users\Enenon\Documents\GitHub\Galaxy-Simulation\x64\Release\gui.exe
