  gui.cpp
C:\Users\Enenon\Documents\GitHub\Galaxy-Simulation\gui\cores.h(6,16): warning C4305: 'inicializando': truncamento de 'double' para 'float'
  (compilando o arquivo fonte 'gui.cpp')
  
C:\Users\Enenon\Documents\GitHub\Galaxy-Simulation\gui\cores.h(6,28): warning C4305: 'inicializando': truncamento de 'double' para 'float'
  (compilando o arquivo fonte 'gui.cpp')
  
C:\Users\Enenon\Documents\GitHub\Galaxy-Simulation\gui\cores.h(7,20): warning C4305: 'inicializando': truncamento de 'double' para 'float'
  (compilando o arquivo fonte 'gui.cpp')
  
C:\Users\Enenon\Documents\GitHub\Galaxy-Simulation\gui\cores.h(7,27): warning C4305: 'inicializando': truncamento de 'double' para 'float'
  (compilando o arquivo fonte 'gui.cpp')
  
C:\Users\Enenon\Documents\GitHub\Galaxy-Simulation\gui\cores.h(7,33): warning C4305: 'inicializando': truncamento de 'double' para 'float'
  (compilando o arquivo fonte 'gui.cpp')
  
C:\Users\Enenon\Documents\GitHub\Galaxy-Simulation\gui\cores.h(8,19): warning C4305: 'inicializando': truncamento de 'double' para 'float'
  (compilando o arquivo fonte 'gui.cpp')
  
C:\Users\Enenon\Documents\GitHub\Galaxy-Simulation\gui\cores.h(8,26): warning C4305: 'inicializando': truncamento de 'double' para 'float'
  (compilando o arquivo fonte 'gui.cpp')
  
C:\Users\Enenon\Documents\GitHub\Galaxy-Simulation\gui\cores.h(8,33): warning C4305: 'inicializando': truncamento de 'double' para 'float'
  (compilando o arquivo fonte 'gui.cpp')
  
C:\Users\Enenon\Documents\GitHub\Galaxy-Simulation\gui\cores.h(9,19): warning C4305: 'inicializando': truncamento de 'double' para 'float'
  (compilando o arquivo fonte 'gui.cpp')
  
C:\Users\Enenon\Documents\GitHub\Galaxy-Simulation\gui\cores.h(9,25): warning C4305: 'inicializando': truncamento de 'double' para 'float'
  (compilando o arquivo fonte 'gui.cpp')
  
C:\Users\Enenon\Documents\GitHub\Galaxy-Simulation\gui\cores.h(9,31): warning C4305: 'inicializando': truncamento de 'double' para 'float'
  (compilando o arquivo fonte 'gui.cpp')
  
C:\Users\Enenon\Documents\GitHub\Galaxy-Simulation\gui\cores.h(10,17): warning C4305: 'inicializando': truncamento de 'double' para 'float'
  (compilando o arquivo fonte 'gui.cpp')
  
C:\Users\Enenon\Documents\GitHub\Galaxy-Simulation\gui\cores.h(10,24): warning C4305: 'inicializando': truncamento de 'double' para 'float'
  (compilando o arquivo fonte 'gui.cpp')
  
C:\Users\Enenon\Documents\GitHub\Galaxy-Simulation\gui\cores.h(10,31): warning C4305: 'inicializando': truncamento de 'double' para 'float'
  (compilando o arquivo fonte 'gui.cpp')
  
C:\Users\Enenon\Documents\GitHub\Galaxy-Simulation\gui\cores.h(11,17): warning C4305: 'inicializando': truncamento de 'double' para 'float'
  (compilando o arquivo fonte 'gui.cpp')
  
C:\Users\Enenon\Documents\GitHub\Galaxy-Simulation\gui\cores.h(11,23): warning C4305: 'inicializando': truncamento de 'double' para 'float'
  (compilando o arquivo fonte 'gui.cpp')
  
C:\Users\Enenon\Documents\GitHub\Galaxy-Simulation\gui\cores.h(11,30): warning C4305: 'inicializando': truncamento de 'double' para 'float'
  (compilando o arquivo fonte 'gui.cpp')
  
C:\Users\Enenon\Documents\GitHub\Galaxy-Simulation\gui\cores.h(12,18): warning C4305: 'inicializando': truncamento de 'double' para 'float'
  (compilando o arquivo fonte 'gui.cpp')
  
C:\Users\Enenon\Documents\GitHub\Galaxy-Simulation\gui\cores.h(12,25): warning C4305: 'inicializando': truncamento de 'double' para 'float'
  (compilando o arquivo fonte 'gui.cpp')
  
C:\Users\Enenon\Documents\GitHub\Galaxy-Simulation\gui\cores.h(12,32): warning C4305: 'inicializando': truncamento de 'double' para 'float'
  (compilando o arquivo fonte 'gui.cpp')
  
C:\Users\Enenon\Documents\GitHub\Galaxy-Simulation\gui\cores.h(13,22): warning C4305: 'inicializando': truncamento de 'double' para 'float'
  (compilando o arquivo fonte 'gui.cpp')
  
C:\Users\Enenon\Documents\GitHub\Galaxy-Simulation\gui\cores.h(13,29): warning C4305: 'inicializando': truncamento de 'double' para 'float'
  (compilando o arquivo fonte 'gui.cpp')
  
C:\Users\Enenon\Documents\GitHub\Galaxy-Simulation\gui\cores.h(13,36): warning C4305: 'inicializando': truncamento de 'double' para 'float'
  (compilando o arquivo fonte 'gui.cpp')
  
C:\Users\Enenon\Documents\GitHub\Galaxy-Simulation\gui\cores.h(14,22): warning C4305: 'inicializando': truncamento de 'double' para 'float'
  (compilando o arquivo fonte 'gui.cpp')
  
C:\Users\Enenon\Documents\GitHub\Galaxy-Simulation\gui\cores.h(14,27): warning C4305: 'inicializando': truncamento de 'double' para 'float'
  (compilando o arquivo fonte 'gui.cpp')
  
C:\Users\Enenon\Documents\GitHub\Galaxy-Simulation\gui\cores.h(14,34): warning C4305: 'inicializando': truncamento de 'double' para 'float'
  (compilando o arquivo fonte 'gui.cpp')
  
C:\Users\Enenon\Documents\GitHub\Galaxy-Simulation\gui\cores.h(15,21): warning C4305: 'inicializando': truncamento de 'double' para 'float'
  (compilando o arquivo fonte 'gui.cpp')
  
C:\Users\Enenon\Documents\GitHub\Galaxy-Simulation\gui\cores.h(15,28): warning C4305: 'inicializando': truncamento de 'double' para 'float'
  (compilando o arquivo fonte 'gui.cpp')
  
C:\Users\Enenon\Documents\GitHub\Galaxy-Simulation\gui\cores.h(15,35): warning C4305: 'inicializando': truncamento de 'double' para 'float'
  (compilando o arquivo fonte 'gui.cpp')
  
C:\Users\Enenon\Documents\GitHub\Galaxy-Simulation\gui\cores.h(17,29): warning C4305: 'inicializando': truncamento de 'double' para 'float'
  (compilando o arquivo fonte 'gui.cpp')
  
C:\Users\Enenon\Documents\GitHub\Galaxy-Simulation\gui\primitivas.h(5,54): warning C4305: 'inicializando': truncamento de 'double' para 'float'
  (compilando o arquivo fonte 'gui.cpp')
  
C:\Users\Enenon\Documents\GitHub\Galaxy-Simulation\gui\primitivas.h(5,84): warning C4305: 'inicializando': truncamento de 'double' para 'float'
  (compilando o arquivo fonte 'gui.cpp')
  
C:\Users\Enenon\Documents\GitHub\Galaxy-Simulation\gui\primitivas.h(6,23): warning C4305: 'inicializando': truncamento de 'double' para 'float'
  (compilando o arquivo fonte 'gui.cpp')
  
C:\Users\Enenon\Documents\GitHub\Galaxy-Simulation\gui\primitivas.h(9,48): warning C4305: 'inicializando': truncamento de 'double' para 'float'
  (compilando o arquivo fonte 'gui.cpp')
  
C:\Users\Enenon\Documents\GitHub\Galaxy-Simulation\gui\primitivas.h(12,22): warning C4305: 'inicializando': truncamento de 'double' para 'float'
  (compilando o arquivo fonte 'gui.cpp')
  
C:\Users\Enenon\Documents\GitHub\Galaxy-Simulation\gui\primitivas.h(21,19): warning C4244: 'return': conversão de 'double' para 'float', possível perda de dados
  (compilando o arquivo fonte 'gui.cpp')
  
C:\Users\Enenon\Documents\GitHub\Galaxy-Simulation\gui\primitivas.h(54,23): warning C4244: 'inicializando': conversão de 'double' para 'float', possível perda de dados
  (compilando o arquivo fonte 'gui.cpp')
  
C:\Users\Enenon\Documents\GitHub\Galaxy-Simulation\gui\primitivas.h(61,33): warning C4838: a conversão de 'double' em 'float' requer uma conversão de restrição
  (compilando o arquivo fonte 'gui.cpp')
  
C:\Users\Enenon\Documents\GitHub\Galaxy-Simulation\gui\primitivas.h(61,33): warning C4244: 'inicializando': conversão de 'double' para 'float', possível perda de dados
  (compilando o arquivo fonte 'gui.cpp')
  
C:\Users\Enenon\Documents\GitHub\Galaxy-Simulation\gui\primitivas.h(61,44): warning C4838: a conversão de 'double' em 'float' requer uma conversão de restrição
  (compilando o arquivo fonte 'gui.cpp')
  
C:\Users\Enenon\Documents\GitHub\Galaxy-Simulation\gui\primitivas.h(61,44): warning C4244: 'inicializando': conversão de 'double' para 'float', possível perda de dados
  (compilando o arquivo fonte 'gui.cpp')
  
C:\Users\Enenon\Documents\GitHub\Galaxy-Simulation\gui\primitivas.h(61,53): warning C4838: a conversão de 'double' em 'float' requer uma conversão de restrição
  (compilando o arquivo fonte 'gui.cpp')
  
C:\Users\Enenon\Documents\GitHub\Galaxy-Simulation\gui\primitivas.h(61,53): warning C4244: 'inicializando': conversão de 'double' para 'float', possível perda de dados
  (compilando o arquivo fonte 'gui.cpp')
  
C:\Users\Enenon\Documents\GitHub\Galaxy-Simulation\gui\primitivas.h(72,13): warning C4244: 'inicializando': conversão de 'double' para 'float', possível perda de dados
  (compilando o arquivo fonte 'gui.cpp')
  
C:\Users\Enenon\Documents\GitHub\Galaxy-Simulation\gui\primitivas.h(105,14): warning C4244: 'inicializando': conversão de 'double' para 'float', possível perda de dados
  (compilando o arquivo fonte 'gui.cpp')
  
C:\Users\Enenon\Documents\GitHub\Galaxy-Simulation\gui\primitivas.h(141,27): warning C4244: 'inicializando': conversão de 'double' para 'float', possível perda de dados
  (compilando o arquivo fonte 'gui.cpp')
  
C:\Users\Enenon\Documents\GitHub\Galaxy-Simulation\gui\primitivas.h(153,34): warning C4244: '=': conversão de 'double' para 'float', possível perda de dados
  (compilando o arquivo fonte 'gui.cpp')
  
C:\Users\Enenon\Documents\GitHub\Galaxy-Simulation\gui\primitivas.h(153,72): warning C4244: '=': conversão de 'double' para 'float', possível perda de dados
  (compilando o arquivo fonte 'gui.cpp')
  
C:\Users\Enenon\Documents\GitHub\Galaxy-Simulation\gui\primitivas.h(153,111): warning C4244: '=': conversão de 'double' para 'float', possível perda de dados
  (compilando o arquivo fonte 'gui.cpp')
  
C:\Users\Enenon\Documents\GitHub\Galaxy-Simulation\gui\primitivas.h(166,18): warning C4305: '=': truncamento de 'double' para 'float'
  (compilando o arquivo fonte 'gui.cpp')
  
C:\Users\Enenon\Documents\GitHub\Galaxy-Simulation\gui\primitivas.h(170,56): warning C4244: 'argumento': conversão de 'double' para 'float', possível perda de dados
  (compilando o arquivo fonte 'gui.cpp')
  
C:\Users\Enenon\Documents\GitHub\Galaxy-Simulation\gui\primitivas.h(170,42): warning C4244: 'argumento': conversão de 'double' para 'float', possível perda de dados
  (compilando o arquivo fonte 'gui.cpp')
  
C:\Users\Enenon\Documents\GitHub\Galaxy-Simulation\gui\primitivas.h(170,28): warning C4244: 'argumento': conversão de 'double' para 'float', possível perda de dados
  (compilando o arquivo fonte 'gui.cpp')
  
C:\Users\Enenon\Documents\GitHub\Galaxy-Simulation\gui\primitivas.h(170,107): warning C4244: 'argumento': conversão de 'double' para 'float', possível perda de dados
  (compilando o arquivo fonte 'gui.cpp')
  
C:\Users\Enenon\Documents\GitHub\Galaxy-Simulation\gui\primitivas.h(170,93): warning C4244: 'argumento': conversão de 'double' para 'float', possível perda de dados
  (compilando o arquivo fonte 'gui.cpp')
  
C:\Users\Enenon\Documents\GitHub\Galaxy-Simulation\gui\primitivas.h(170,79): warning C4244: 'argumento': conversão de 'double' para 'float', possível perda de dados
  (compilando o arquivo fonte 'gui.cpp')
  
C:\Users\Enenon\Documents\GitHub\Galaxy-Simulation\gui\primitivas.h(178,64): warning C4244: 'argumento': conversão de 'double' para 'float', possível perda de dados
  (compilando o arquivo fonte 'gui.cpp')
  
C:\Users\Enenon\Documents\GitHub\Galaxy-Simulation\gui\primitivas.h(178,50): warning C4244: 'argumento': conversão de 'double' para 'float', possível perda de dados
  (compilando o arquivo fonte 'gui.cpp')
  
C:\Users\Enenon\Documents\GitHub\Galaxy-Simulation\gui\primitivas.h(178,36): warning C4244: 'argumento': conversão de 'double' para 'float', possível perda de dados
  (compilando o arquivo fonte 'gui.cpp')
  
C:\Users\Enenon\Documents\GitHub\Galaxy-Simulation\gui\primitivas.h(179,64): warning C4244: 'argumento': conversão de 'double' para 'float', possível perda de dados
  (compilando o arquivo fonte 'gui.cpp')
  
C:\Users\Enenon\Documents\GitHub\Galaxy-Simulation\gui\primitivas.h(179,50): warning C4244: 'argumento': conversão de 'double' para 'float', possível perda de dados
  (compilando o arquivo fonte 'gui.cpp')
  
C:\Users\Enenon\Documents\GitHub\Galaxy-Simulation\gui\primitivas.h(179,36): warning C4244: 'argumento': conversão de 'double' para 'float', possível perda de dados
  (compilando o arquivo fonte 'gui.cpp')
  
C:\Users\Enenon\Documents\GitHub\Galaxy-Simulation\gui\primitivas.h(180,53): warning C4244: 'argumento': conversão de 'double' para 'float', possível perda de dados
  (compilando o arquivo fonte 'gui.cpp')
  
C:\Users\Enenon\Documents\GitHub\Galaxy-Simulation\gui\primitivas.h(199,101): warning C4244: 'argumento': conversão de 'double' para 'float', possível perda de dados
  (compilando o arquivo fonte 'gui.cpp')
  
C:\Users\Enenon\Documents\GitHub\Galaxy-Simulation\gui\primitivas.h(199,76): warning C4244: 'argumento': conversão de 'double' para 'float', possível perda de dados
  (compilando o arquivo fonte 'gui.cpp')
  
C:\Users\Enenon\Documents\GitHub\Galaxy-Simulation\gui\primitivas.h(199,47): warning C4244: 'argumento': conversão de 'double' para 'float', possível perda de dados
  (compilando o arquivo fonte 'gui.cpp')
  
C:\Users\Enenon\Documents\GitHub\Galaxy-Simulation\gui\primitivas.h(199,22): warning C4305: 'argumento': truncamento de 'double' para 'float'
  (compilando o arquivo fonte 'gui.cpp')
  
C:\Users\Enenon\Documents\GitHub\Galaxy-Simulation\gui\primitivas.h(205,56): warning C4244: 'argumento': conversão de 'double' para 'float', possível perda de dados
  (compilando o arquivo fonte 'gui.cpp')
  
C:\Users\Enenon\Documents\GitHub\Galaxy-Simulation\gui\primitivas.h(205,42): warning C4244: 'argumento': conversão de 'double' para 'float', possível perda de dados
  (compilando o arquivo fonte 'gui.cpp')
  
C:\Users\Enenon\Documents\GitHub\Galaxy-Simulation\gui\primitivas.h(205,28): warning C4244: 'argumento': conversão de 'double' para 'float', possível perda de dados
  (compilando o arquivo fonte 'gui.cpp')
  
C:\Users\Enenon\Documents\GitHub\Galaxy-Simulation\gui\primitivas.h(205,107): warning C4244: 'argumento': conversão de 'double' para 'float', possível perda de dados
  (compilando o arquivo fonte 'gui.cpp')
  
C:\Users\Enenon\Documents\GitHub\Galaxy-Simulation\gui\primitivas.h(205,93): warning C4244: 'argumento': conversão de 'double' para 'float', possível perda de dados
  (compilando o arquivo fonte 'gui.cpp')
  
C:\Users\Enenon\Documents\GitHub\Galaxy-Simulation\gui\primitivas.h(205,79): warning C4244: 'argumento': conversão de 'double' para 'float', possível perda de dados
  (compilando o arquivo fonte 'gui.cpp')
  
C:\Users\Enenon\Documents\GitHub\Galaxy-Simulation\gui\primitivas.h(223,31): warning C4244: 'argumento': conversão de 'double' para 'float', possível perda de dados
  (compilando o arquivo fonte 'gui.cpp')
  
C:\Users\Enenon\Documents\GitHub\Galaxy-Simulation\gui\primitivas.h(240,78): warning C4244: 'argumento': conversão de 'double' para 'GLfloat', possível perda de dados
  (compilando o arquivo fonte 'gui.cpp')
  
C:\Users\Enenon\Documents\GitHub\Galaxy-Simulation\gui\primitivas.h(240,49): warning C4244: 'argumento': conversão de 'double' para 'GLfloat', possível perda de dados
  (compilando o arquivo fonte 'gui.cpp')
  
C:\Users\Enenon\Documents\GitHub\Galaxy-Simulation\gui\primitivas.h(240,20): warning C4244: 'argumento': conversão de 'double' para 'GLfloat', possível perda de dados
  (compilando o arquivo fonte 'gui.cpp')
  
C:\Users\Enenon\Documents\GitHub\Galaxy-Simulation\gui\primitivas.h(244,38): warning C4244: 'argumento': conversão de 'double' para 'float', possível perda de dados
  (compilando o arquivo fonte 'gui.cpp')
  
C:\Users\Enenon\Documents\GitHub\Galaxy-Simulation\gui\gui.cpp(37,28): warning C4305: 'argumento': truncamento de 'double' para 'GLclampf'
C:\Users\Enenon\Documents\GitHub\Galaxy-Simulation\gui\gui.cpp(37,23): warning C4305: 'argumento': truncamento de 'double' para 'GLclampf'
C:\Users\Enenon\Documents\GitHub\Galaxy-Simulation\gui\gui.cpp(37,18): warning C4305: 'argumento': truncamento de 'double' para 'GLclampf'
  gui.vcxproj -> C:\Users\Enenon\Documents\GitHub\Galaxy-Simulation\x64\Debug\gui.exe
